[00:10:38] [main/INFO] [GradleStart]: username: revbtksc@gmail.com
[00:10:38] [main/INFO] [GradleStart]: Extra: []
[00:10:38] [main/INFO] [GradleStart]: Password found, attempting login
[00:10:38] [main/INFO] [GradleStart]: Login Succesful!
[00:10:38] [main/INFO] [GradleStart]: Running with arguments: [--userProperties, {"twitch_access_token":["ob51lfn5y28fbbo8xz0riu3f7r9pjc6"]}, --assetsDir, C:/Users/SkylarRowan/.gradle/caches/minecraft/assets, --assetIndex, 1.7.10, --userType, mojang, --accessToken, {REDACTED}, --version, 1.7.10, --uuid, ae3957ccf8f64de5bf36dcb4a5948320, --username, BoredomRanger, --tweakClass, cpw.mods.fml.common.launcher.FMLTweaker, --tweakClass, net.minecraftforge.gradle.tweakers.CoremodTweaker]
[00:10:38] [main/INFO] [LaunchWrapper]: Loading tweak class name cpw.mods.fml.common.launcher.FMLTweaker
[00:10:38] [main/INFO] [LaunchWrapper]: Using primary tweak class name cpw.mods.fml.common.launcher.FMLTweaker
[00:10:38] [main/INFO] [LaunchWrapper]: Loading tweak class name net.minecraftforge.gradle.tweakers.CoremodTweaker
[00:10:38] [main/INFO] [LaunchWrapper]: Calling tweak class cpw.mods.fml.common.launcher.FMLTweaker
[19:29:19] [main/INFO] [GradleStart]: username: revbtksc@gmail.com
[19:29:19] [main/INFO] [GradleStart]: Extra: []
[19:29:19] [main/INFO] [GradleStart]: Password found, attempting login
[19:29:20] [main/INFO] [GradleStart]: Login Succesful!
[19:29:20] [main/INFO] [GradleStart]: Running with arguments: [--userProperties, {"twitch_access_token":["ob51lfn5y28fbbo8xz0riu3f7r9pjc6"]}, --assetsDir, C:/Users/revbt/.gradle/caches/minecraft/assets, --assetIndex, 1.7.10, --userType, mojang, --accessToken, {REDACTED}, --version, 1.7.10, --uuid, ae3957ccf8f64de5bf36dcb4a5948320, --username, BoredomRanger, --tweakClass, cpw.mods.fml.common.launcher.FMLTweaker, --tweakClass, net.minecraftforge.gradle.tweakers.CoremodTweaker]
[19:29:20] [main/INFO] [LaunchWrapper]: Loading tweak class name cpw.mods.fml.common.launcher.FMLTweaker
[19:29:20] [main/INFO] [LaunchWrapper]: Using primary tweak class name cpw.mods.fml.common.launcher.FMLTweaker
[19:29:20] [main/INFO] [LaunchWrapper]: Loading tweak class name net.minecraftforge.gradle.tweakers.CoremodTweaker
[19:29:20] [main/INFO] [LaunchWrapper]: Calling tweak class cpw.mods.fml.common.launcher.FMLTweaker
[16:16:33] [main/INFO] [GradleStart]: username: revbtksc@gmail.com
[16:16:33] [main/INFO] [GradleStart]: Extra: []
[16:16:33] [main/INFO] [GradleStart]: Password found, attempting login
[16:16:33] [main/INFO] [GradleStart]: Login Succesful!
[16:16:33] [main/INFO] [GradleStart]: Running with arguments: [--userProperties, {"twitch_access_token":["ob51lfn5y28fbbo8xz0riu3f7r9pjc6"]}, --assetsDir, C:/Users/SkylarRowan/.gradle/caches/minecraft/assets, --assetIndex, 1.7.10, --userType, mojang, --accessToken, {REDACTED}, --version, 1.7.10, --uuid, ae3957ccf8f64de5bf36dcb4a5948320, --username, BoredomRanger, --tweakClass, cpw.mods.fml.common.launcher.FMLTweaker, --tweakClass, net.minecraftforge.gradle.tweakers.CoremodTweaker]
[16:16:33] [main/INFO] [LaunchWrapper]: Loading tweak class name cpw.mods.fml.common.launcher.FMLTweaker
[16:16:33] [main/INFO] [LaunchWrapper]: Using primary tweak class name cpw.mods.fml.common.launcher.FMLTweaker
[16:16:33] [main/INFO] [LaunchWrapper]: Loading tweak class name net.minecraftforge.gradle.tweakers.CoremodTweaker
[16:16:33] [main/INFO] [LaunchWrapper]: Calling tweak class cpw.mods.fml.common.launcher.FMLTweaker
[20:21:59] [main/INFO] [GradleStart]: username: revbtksc@gmail.com
[20:21:59] [main/INFO] [GradleStart]: Extra: []
[20:21:59] [main/INFO] [GradleStart]: Password found, attempting login
[20:21:59] [main/INFO] [GradleStart]: Login Succesful!
[20:22:00] [main/INFO] [GradleStart]: Running with arguments: [--userProperties, {"twitch_access_token":["ob51lfn5y28fbbo8xz0riu3f7r9pjc6"]}, --assetsDir, C:/Users/SkylarRowan/.gradle/caches/minecraft/assets, --assetIndex, 1.7.10, --userType, mojang, --accessToken, {REDACTED}, --version, 1.7.10, --uuid, ae3957ccf8f64de5bf36dcb4a5948320, --username, BoredomRanger, --tweakClass, cpw.mods.fml.common.launcher.FMLTweaker, --tweakClass, net.minecraftforge.gradle.tweakers.CoremodTweaker]
[20:22:00] [main/INFO] [LaunchWrapper]: Loading tweak class name cpw.mods.fml.common.launcher.FMLTweaker
[20:22:00] [main/INFO] [LaunchWrapper]: Using primary tweak class name cpw.mods.fml.common.launcher.FMLTweaker
[20:22:00] [main/INFO] [LaunchWrapper]: Loading tweak class name net.minecraftforge.gradle.tweakers.CoremodTweaker
[20:22:00] [main/INFO] [LaunchWrapper]: Calling tweak class cpw.mods.fml.common.launcher.FMLTweaker
[23:26:26] [main/INFO] [GradleStart]: username: revbtksc@gmail.com
[23:26:26] [main/INFO] [GradleStart]: Extra: []
[23:26:26] [main/INFO] [GradleStart]: Password found, attempting login
[23:26:26] [main/INFO] [GradleStart]: Login Succesful!
[23:26:26] [main/INFO] [GradleStart]: Running with arguments: [--userProperties, {"twitch_access_token":["ob51lfn5y28fbbo8xz0riu3f7r9pjc6"]}, --assetsDir, C:/Users/SkylarRowan/.gradle/caches/minecraft/assets, --assetIndex, 1.7.10, --userType, mojang, --accessToken, {REDACTED}, --version, 1.7.10, --uuid, ae3957ccf8f64de5bf36dcb4a5948320, --username, BoredomRanger, --tweakClass, cpw.mods.fml.common.launcher.FMLTweaker, --tweakClass, net.minecraftforge.gradle.tweakers.CoremodTweaker]
[23:26:26] [main/INFO] [LaunchWrapper]: Loading tweak class name cpw.mods.fml.common.launcher.FMLTweaker
[23:26:26] [main/INFO] [LaunchWrapper]: Using primary tweak class name cpw.mods.fml.common.launcher.FMLTweaker
[23:26:26] [main/INFO] [LaunchWrapper]: Loading tweak class name net.minecraftforge.gradle.tweakers.CoremodTweaker
[23:26:26] [main/INFO] [LaunchWrapper]: Calling tweak class cpw.mods.fml.common.launcher.FMLTweaker
[23:33:44] [main/INFO] [GradleStart]: username: revbtksc@gmail.com
[23:33:44] [main/INFO] [GradleStart]: Extra: []
[23:33:44] [main/INFO] [GradleStart]: Password found, attempting login
[23:33:44] [main/INFO] [GradleStart]: Login Succesful!
[23:33:44] [main/INFO] [GradleStart]: Running with arguments: [--userProperties, {"twitch_access_token":["ob51lfn5y28fbbo8xz0riu3f7r9pjc6"]}, --assetsDir, C:/Users/SkylarRowan/.gradle/caches/minecraft/assets, --assetIndex, 1.7.10, --userType, mojang, --accessToken, {REDACTED}, --version, 1.7.10, --uuid, ae3957ccf8f64de5bf36dcb4a5948320, --username, BoredomRanger, --tweakClass, cpw.mods.fml.common.launcher.FMLTweaker, --tweakClass, net.minecraftforge.gradle.tweakers.CoremodTweaker]
[23:33:44] [main/INFO] [LaunchWrapper]: Loading tweak class name cpw.mods.fml.common.launcher.FMLTweaker
[23:33:44] [main/INFO] [LaunchWrapper]: Using primary tweak class name cpw.mods.fml.common.launcher.FMLTweaker
[23:33:44] [main/INFO] [LaunchWrapper]: Loading tweak class name net.minecraftforge.gradle.tweakers.CoremodTweaker
[23:33:44] [main/INFO] [LaunchWrapper]: Calling tweak class cpw.mods.fml.common.launcher.FMLTweaker
[23:41:33] [main/INFO] [GradleStart]: username: revbtksc@gmail.com
[23:41:33] [main/INFO] [GradleStart]: Extra: []
[23:41:33] [main/INFO] [GradleStart]: Password found, attempting login
[23:41:33] [main/INFO] [GradleStart]: Login Succesful!
[23:41:33] [main/INFO] [GradleStart]: Running with arguments: [--userProperties, {"twitch_access_token":["ob51lfn5y28fbbo8xz0riu3f7r9pjc6"]}, --assetsDir, C:/Users/SkylarRowan/.gradle/caches/minecraft/assets, --assetIndex, 1.7.10, --userType, mojang, --accessToken, {REDACTED}, --version, 1.7.10, --uuid, ae3957ccf8f64de5bf36dcb4a5948320, --username, BoredomRanger, --tweakClass, cpw.mods.fml.common.launcher.FMLTweaker, --tweakClass, net.minecraftforge.gradle.tweakers.CoremodTweaker]
[23:41:33] [main/INFO] [LaunchWrapper]: Loading tweak class name cpw.mods.fml.common.launcher.FMLTweaker
[23:41:33] [main/INFO] [LaunchWrapper]: Using primary tweak class name cpw.mods.fml.common.launcher.FMLTweaker
[23:41:33] [main/INFO] [LaunchWrapper]: Loading tweak class name net.minecraftforge.gradle.tweakers.CoremodTweaker
[23:41:33] [main/INFO] [LaunchWrapper]: Calling tweak class cpw.mods.fml.common.launcher.FMLTweaker
[23:43:34] [main/INFO] [GradleStart]: username: revbtksc@gmail.com
[23:43:34] [main/INFO] [GradleStart]: Extra: []
[23:43:34] [main/INFO] [GradleStart]: Password found, attempting login
[23:43:35] [main/INFO] [GradleStart]: Login Succesful!
[23:43:35] [main/INFO] [GradleStart]: Running with arguments: [--userProperties, {"twitch_access_token":["ob51lfn5y28fbbo8xz0riu3f7r9pjc6"]}, --assetsDir, C:/Users/SkylarRowan/.gradle/caches/minecraft/assets, --assetIndex, 1.7.10, --userType, mojang, --accessToken, {REDACTED}, --version, 1.7.10, --uuid, ae3957ccf8f64de5bf36dcb4a5948320, --username, BoredomRanger, --tweakClass, cpw.mods.fml.common.launcher.FMLTweaker, --tweakClass, net.minecraftforge.gradle.tweakers.CoremodTweaker]
[23:43:35] [main/INFO] [LaunchWrapper]: Loading tweak class name cpw.mods.fml.common.launcher.FMLTweaker
[23:43:35] [main/INFO] [LaunchWrapper]: Using primary tweak class name cpw.mods.fml.common.launcher.FMLTweaker
[23:43:35] [main/INFO] [LaunchWrapper]: Loading tweak class name net.minecraftforge.gradle.tweakers.CoremodTweaker
[23:43:35] [main/INFO] [LaunchWrapper]: Calling tweak class cpw.mods.fml.common.launcher.FMLTweaker
[11:22:25] [main/INFO] [GradleStart]: username: revbtksc@gmail.com
[11:22:25] [main/INFO] [GradleStart]: Extra: []
[11:22:25] [main/INFO] [GradleStart]: Password found, attempting login
[11:22:25] [main/INFO] [GradleStart]: Login Succesful!
[11:22:25] [main/INFO] [GradleStart]: Running with arguments: [--userProperties, {"twitch_access_token":["ob51lfn5y28fbbo8xz0riu3f7r9pjc6"]}, --assetsDir, C:/Users/SkylarRowan/.gradle/caches/minecraft/assets, --assetIndex, 1.7.10, --userType, mojang, --accessToken, {REDACTED}, --version, 1.7.10, --uuid, ae3957ccf8f64de5bf36dcb4a5948320, --username, BoredomRanger, --tweakClass, cpw.mods.fml.common.launcher.FMLTweaker, --tweakClass, net.minecraftforge.gradle.tweakers.CoremodTweaker]
[11:22:25] [main/INFO] [LaunchWrapper]: Loading tweak class name cpw.mods.fml.common.launcher.FMLTweaker
[11:22:25] [main/INFO] [LaunchWrapper]: Using primary tweak class name cpw.mods.fml.common.launcher.FMLTweaker
[11:22:25] [main/INFO] [LaunchWrapper]: Loading tweak class name net.minecraftforge.gradle.tweakers.CoremodTweaker
[11:22:25] [main/INFO] [LaunchWrapper]: Calling tweak class cpw.mods.fml.common.launcher.FMLTweaker
[11:23:24] [main/INFO] [GradleStart]: username: revbtksc@gmail.com
[11:23:24] [main/INFO] [GradleStart]: Extra: []
[11:23:24] [main/INFO] [GradleStart]: Password found, attempting login
[11:23:24] [main/INFO] [GradleStart]: Login Succesful!
[11:23:24] [main/INFO] [GradleStart]: Running with arguments: [--userProperties, {"twitch_access_token":["ob51lfn5y28fbbo8xz0riu3f7r9pjc6"]}, --assetsDir, C:/Users/SkylarRowan/.gradle/caches/minecraft/assets, --assetIndex, 1.7.10, --userType, mojang, --accessToken, {REDACTED}, --version, 1.7.10, --uuid, ae3957ccf8f64de5bf36dcb4a5948320, --username, BoredomRanger, --tweakClass, cpw.mods.fml.common.launcher.FMLTweaker, --tweakClass, net.minecraftforge.gradle.tweakers.CoremodTweaker]
[11:23:24] [main/INFO] [LaunchWrapper]: Loading tweak class name cpw.mods.fml.common.launcher.FMLTweaker
[11:23:24] [main/INFO] [LaunchWrapper]: Using primary tweak class name cpw.mods.fml.common.launcher.FMLTweaker
[11:23:24] [main/INFO] [LaunchWrapper]: Loading tweak class name net.minecraftforge.gradle.tweakers.CoremodTweaker
[11:23:24] [main/INFO] [LaunchWrapper]: Calling tweak class cpw.mods.fml.common.launcher.FMLTweaker
