[00:10:38] [main/INFO]: Logging in with username & password
[00:10:39] [main/INFO]: Setting user: BoredomRanger
[00:10:40] [Client thread/INFO]: LWJGL Version: 2.9.1
[00:10:41] [Twitch authenticator/ERROR]: Given twitch access token is invalid
[00:10:45] [Client thread/INFO]: Reloading ResourceManager: Default, FMLFileResourcePack:Forge Mod Loader, FMLFileResourcePack:Minecraft Forge, FMLFileResourcePack:ERSL Mod
[00:10:46] [Sound Library Loader/INFO]: Sound engine started
[00:10:46] [Client thread/INFO]: Created: 16x16 textures/blocks-atlas
[00:10:46] [Client thread/INFO]: Created: 16x16 textures/items-atlas
[00:10:46] [Client thread/INFO]: Reloading ResourceManager: Default, FMLFileResourcePack:Forge Mod Loader, FMLFileResourcePack:Minecraft Forge, FMLFileResourcePack:ERSL Mod
[00:10:46] [Client thread/INFO]: Created: 512x256 textures/blocks-atlas
[00:10:46] [Client thread/INFO]: Created: 256x256 textures/items-atlas
[00:10:47] [Sound Library Loader/INFO]: Sound engine started
[00:10:55] [Server thread/INFO]: Starting integrated minecraft server version 1.7.10
[00:10:55] [Server thread/INFO]: Generating keypair
[00:10:55] [Server thread/INFO]: Converting map!
[00:10:55] [Server thread/INFO]: Scanning folders...
[00:10:55] [Server thread/INFO]: Total conversion count is 0
[00:10:56] [Server thread/INFO]: Preparing start region for level 0
[00:10:57] [Server thread/INFO]: Preparing spawn area: 22%
[00:10:58] [Server thread/INFO]: Preparing spawn area: 53%
[00:10:59] [Server thread/INFO]: Preparing spawn area: 84%
[00:10:59] [Server thread/INFO]: Changing view distance to 12, from 10
[00:10:59] [Server thread/INFO]: BoredomRanger[local:E:61f079c2] logged in with entity id 102 at (-318.5, 64.0, 282.5)
[00:10:59] [Server thread/INFO]: BoredomRanger joined the game
[00:11:02] [Server thread/INFO]: BoredomRanger has just earned the achievement [Taking Inventory]
[00:11:02] [Client thread/INFO]: [CHAT] BoredomRanger has just earned the achievement [Taking Inventory]
[00:11:32] [Client thread/INFO]: Warning: Clientside chunk ticking took 829 ms
[00:11:32] [Client thread/INFO]: Warning: Clientside chunk ticking took 424 ms
[00:11:32] [Server thread/INFO]: Saving and pausing game...
[00:11:32] [Server thread/INFO]: Saving chunks for level 'New World'/Overworld
[00:11:32] [Server thread/INFO]: Saving chunks for level 'New World'/Nether
[00:11:32] [Server thread/INFO]: Saving chunks for level 'New World'/The End
[00:11:33] [Server thread/INFO]: Stopping server
[00:11:33] [Server thread/INFO]: Saving players
[00:11:33] [Server thread/INFO]: Saving worlds
[00:11:33] [Server thread/INFO]: Saving chunks for level 'New World'/Overworld
[00:11:33] [Server thread/INFO]: Saving chunks for level 'New World'/Nether
[00:11:33] [Server thread/INFO]: Saving chunks for level 'New World'/The End
[00:11:35] [Client thread/INFO]: Stopping!
